<?xml version="1.0" encoding="UTF-8"?>
<!-- Generated by org.testng.reporters.JUnitReportReporter -->
<testsuite skipped="0" hostname="DESKTOP-1B5EHLS" name="login.Facebook.Executionclas" tests="1" failures="0" timestamp="10 Oct 2020 05:12:55 GMT" time="6.360" errors="0">
  <testcase name="f" time="6.360" classname="login.Facebook.Executionclas"/>
</testsuite> <!-- login.Facebook.Executionclas -->
