<?xml version="1.0" encoding="UTF-8"?>
<!-- Generated by org.testng.reporters.JUnitReportReporter -->
<testsuite skipped="0" hostname="DESKTOP-1B5EHLS" name="Data_XL.SignUP" tests="1" failures="0" timestamp="22 Oct 2020 01:42:56 GMT" time="14.061" errors="0">
  <testcase name="xlTest" time="14.061" classname="Data_XL.SignUP"/>
</testsuite> <!-- Data_XL.SignUP -->
