<?xml version="1.0" encoding="UTF-8"?>
<!-- Generated by org.testng.reporters.JUnitReportReporter -->
<testsuite skipped="0" hostname="DESKTOP-1B5EHLS" name="Data_XL.Use_XL" tests="1" failures="0" timestamp="22 Oct 2020 00:30:36 GMT" time="52.439" errors="0">
  <testcase name="xlTest" time="52.439" classname="Data_XL.Use_XL"/>
</testsuite> <!-- Data_XL.Use_XL -->
