<?xml version="1.0" encoding="UTF-8"?>
<!-- Generated by org.testng.reporters.JUnitReportReporter -->
<testsuite skipped="0" hostname="DESKTOP-1B5EHLS" name="dp.Facebook.xl" tests="1" failures="0" timestamp="20 Oct 2020 19:35:10 GMT" time="2.795" errors="0">
  <testcase name="Ltest" time="2.795" classname="dp.Facebook.xl"/>
</testsuite> <!-- dp.Facebook.xl -->
