<?xml version="1.0" encoding="UTF-8"?>
<!-- Generated by org.testng.reporters.JUnitReportReporter -->
<testsuite skipped="0" hostname="DESKTOP-1B5EHLS" name="Data_XL.Sign_Up" tests="1" failures="0" timestamp="22 Oct 2020 00:59:41 GMT" time="16.322" errors="0">
  <testcase name="xlTest" time="16.322" classname="Data_XL.Sign_Up"/>
</testsuite> <!-- Data_XL.Sign_Up -->
